<?xml version="1.0" encoding="UTF-8"?>
<robot generator="Robot 3.1.2 (Python 3.7.3 on win32)" generated="20191230 11:09:44.638" rpa="false">
<suite id="s1" name="Drugsearchpage" source="F:\RobotFrameworkProject\CKChina\tests\drugsearchpage.robot">
<test id="s1-t1" name="Drug search page, click term under Western medicine tab">
<kw name="Begin Web Test" library="Common">
<kw name="Open Browser" library="SeleniumLibrary">
<doc>Opens a new browser instance to the optional ``url``.</doc>
<arguments>
<arg>about:blank</arg>
<arg>${BROWSER}</arg>
</arguments>
<msg timestamp="20191230 11:09:45.133" level="INFO">Opening browser 'Chrome' to base url 'about:blank'.</msg>
<status status="PASS" starttime="20191230 11:09:45.133" endtime="20191230 11:09:52.865"></status>
</kw>
<kw name="Maximize Browser Window" library="SeleniumLibrary">
<doc>Maximizes current browser window.</doc>
<status status="PASS" starttime="20191230 11:09:52.866" endtime="20191230 11:09:56.998"></status>
</kw>
<status status="PASS" starttime="20191230 11:09:45.132" endtime="20191230 11:09:56.999"></status>
</kw>
<kw name="Load Website" library="Common">
<kw name="Go To" library="SeleniumLibrary">
<doc>Navigates the current browser window to the provided ``url``.</doc>
<arguments>
<arg>${SiteURL}</arg>
</arguments>
<msg timestamp="20191230 11:09:56.999" level="INFO">Opening url 'https://ckchina.uat-hs.com/'</msg>
<status status="PASS" starttime="20191230 11:09:56.999" endtime="20191230 11:10:00.408"></status>
</kw>
<kw name="Wait Until Page Contains" library="SeleniumLibrary">
<doc>Waits until ``text`` appears on the current page.</doc>
<arguments>
<arg>临床精钥</arg>
</arguments>
<status status="PASS" starttime="20191230 11:10:00.408" endtime="20191230 11:10:00.598"></status>
</kw>
<status status="PASS" starttime="20191230 11:09:56.999" endtime="20191230 11:10:00.599"></status>
</kw>
<kw name="Login as inst Test-123456" library="Common">
<kw name="Click Link" library="SeleniumLibrary">
<doc>Clicks a link identified by ``locator``.</doc>
<arguments>
<arg>${loginlink}</arg>
</arguments>
<msg timestamp="20191230 11:10:00.600" level="INFO">Clicking link 'xpath= //*[@id="form1"]/header/div/ul/li[4]/a'.</msg>
<status status="PASS" starttime="20191230 11:10:00.599" endtime="20191230 11:10:05.994"></status>
</kw>
<kw name="Sleep" library="BuiltIn">
<doc>Pauses the test executed for the given time.</doc>
<arguments>
<arg>2s</arg>
</arguments>
<msg timestamp="20191230 11:10:07.995" level="INFO">Slept 2 seconds</msg>
<status status="PASS" starttime="20191230 11:10:05.994" endtime="20191230 11:10:07.995"></status>
</kw>
<kw name="Input Text" library="SeleniumLibrary">
<doc>Types the given ``text`` into the text field identified by ``locator``.</doc>
<arguments>
<arg>${InputUsername}</arg>
<arg>${username}</arg>
</arguments>
<msg timestamp="20191230 11:10:07.995" level="INFO">Typing text 'testdemo@gmail.com' into text field 'xpath= //*[@id="ctl00_ctl00_BodyPlaceHolder_MainContentsPlaceHolder_txtLoginID"]'.</msg>
<status status="PASS" starttime="20191230 11:10:07.995" endtime="20191230 11:10:08.292"></status>
</kw>
<kw name="Input Text" library="SeleniumLibrary">
<doc>Types the given ``text`` into the text field identified by ``locator``.</doc>
<arguments>
<arg>${inputPassword}</arg>
<arg>${password}</arg>
</arguments>
<msg timestamp="20191230 11:10:08.292" level="INFO">Typing text '123456' into text field 'xpath= //*[@id="ctl00_ctl00_BodyPlaceHolder_MainContentsPlaceHolder_txtPassword"]'.</msg>
<status status="PASS" starttime="20191230 11:10:08.292" endtime="20191230 11:10:08.402"></status>
</kw>
<kw name="Input Text" library="SeleniumLibrary">
<doc>Types the given ``text`` into the text field identified by ``locator``.</doc>
<arguments>
<arg>${inputInstCode}</arg>
<arg>${instcode}</arg>
</arguments>
<msg timestamp="20191230 11:10:08.403" level="INFO">Typing text 'Test-123456' into text field 'xpath= //*[@id="ctl00_ctl00_BodyPlaceHolder_MainContentsPlaceHolder_txtInsitution"]'.</msg>
<status status="PASS" starttime="20191230 11:10:08.402" endtime="20191230 11:10:08.505"></status>
</kw>
<kw name="Sleep" library="BuiltIn">
<doc>Pauses the test executed for the given time.</doc>
<arguments>
<arg>2s</arg>
</arguments>
<msg timestamp="20191230 11:10:10.506" level="INFO">Slept 2 seconds</msg>
<status status="PASS" starttime="20191230 11:10:08.505" endtime="20191230 11:10:10.506"></status>
</kw>
<kw name="Click Link" library="SeleniumLibrary">
<doc>Clicks a link identified by ``locator``.</doc>
<arguments>
<arg>${btnSubmit}</arg>
</arguments>
<msg timestamp="20191230 11:10:10.506" level="INFO">Clicking link 'xpath= //*[@id="ctl00_ctl00_BodyPlaceHolder_MainContentsPlaceHolder_btnLogin2"]'.</msg>
<status status="PASS" starttime="20191230 11:10:10.506" endtime="20191230 11:10:12.098"></status>
</kw>
<status status="PASS" starttime="20191230 11:10:00.599" endtime="20191230 11:10:12.098"></status>
</kw>
<kw name="Click Link" library="SeleniumLibrary">
<doc>Clicks a link identified by ``locator``.</doc>
<arguments>
<arg>${drugsearchlink}</arg>
</arguments>
<msg timestamp="20191230 11:10:12.099" level="INFO">Clicking link 'xpath= //*[@id="aspnetForm"]/div[3]/div[3]/a'.</msg>
<status status="PASS" starttime="20191230 11:10:12.099" endtime="20191230 11:10:13.532"></status>
</kw>
<kw name="Sleep" library="BuiltIn">
<doc>Pauses the test executed for the given time.</doc>
<arguments>
<arg>2s</arg>
</arguments>
<msg timestamp="20191230 11:10:15.538" level="INFO">Slept 2 seconds</msg>
<status status="PASS" starttime="20191230 11:10:13.536" endtime="20191230 11:10:15.538"></status>
</kw>
<kw name="Wait Until Page Contains" library="SeleniumLibrary">
<doc>Waits until ``text`` appears on the current page.</doc>
<arguments>
<arg>西药</arg>
</arguments>
<status status="PASS" starttime="20191230 11:10:15.538" endtime="20191230 11:10:15.553"></status>
</kw>
<kw name="Click Link" library="SeleniumLibrary">
<doc>Clicks a link identified by ``locator``.</doc>
<arguments>
<arg>${tab1drug1}</arg>
</arguments>
<msg timestamp="20191230 11:10:15.554" level="INFO">Clicking link 'xpath= //*[@id="ctl00_ctl00_BodyPlaceHolder_MainContentsPlaceHolder_lvWestMedlistItem_ctrl0_hypListItem"]'.</msg>
<status status="PASS" starttime="20191230 11:10:15.554" endtime="20191230 11:10:16.714"></status>
</kw>
<kw name="Wait Until Page Contains" library="SeleniumLibrary">
<doc>Waits until ``text`` appears on the current page.</doc>
<arguments>
<arg>抗麻风病及抗麻风病反应药</arg>
</arguments>
<status status="PASS" starttime="20191230 11:10:16.714" endtime="20191230 11:10:16.734"></status>
</kw>
<doc>On drug search page, click term under western medicine tab</doc>
<tags>
<tag>drugsearch</tag>
</tags>
<status status="PASS" starttime="20191230 11:09:45.131" endtime="20191230 11:10:16.735" critical="yes"></status>
</test>
<status status="PASS" starttime="20191230 11:09:44.639" endtime="20191230 11:10:16.851"></status>
</suite>
<statistics>
<total>
<stat pass="1" fail="0">Critical Tests</stat>
<stat pass="1" fail="0">All Tests</stat>
</total>
<tag>
<stat pass="1" fail="0">drugsearch</stat>
</tag>
<suite>
<stat pass="1" fail="0" id="s1" name="Drugsearchpage">Drugsearchpage</stat>
</suite>
</statistics>
<errors>
</errors>
</robot>
