<?xml version="1.0" encoding="UTF-8"?>
<robot generator="Robot 3.1.2 (Python 3.7.3 on win32)" generated="20200109 12:45:57.237" rpa="false">
<suite id="s1" name="Footerlink" source="F:\RobotFrameworkProject\CKChina\tests\footerlink.robot">
<test id="s1-t1" name="Click Terms of use link in footer">
<kw name="Begin Web Test" library="Common">
<kw name="Open Browser" library="Selenium2Library">
<doc>Opens a new browser instance to the optional ``url``.</doc>
<arguments>
<arg>about:blank</arg>
<arg>${BROWSER}</arg>
</arguments>
<msg timestamp="20200109 12:45:57.567" level="INFO">Opening browser 'Chrome' to base url 'about:blank'.</msg>
<status status="PASS" starttime="20200109 12:45:57.567" endtime="20200109 12:46:02.814"></status>
</kw>
<kw name="Maximize Browser Window" library="Selenium2Library">
<doc>Maximizes current browser window.</doc>
<status status="PASS" starttime="20200109 12:46:02.814" endtime="20200109 12:46:06.938"></status>
</kw>
<status status="PASS" starttime="20200109 12:45:57.566" endtime="20200109 12:46:06.938"></status>
</kw>
<kw name="Load Website" library="Common">
<kw name="Go To" library="Selenium2Library">
<doc>Navigates the current browser window to the provided ``url``.</doc>
<arguments>
<arg>${SiteURL}</arg>
</arguments>
<msg timestamp="20200109 12:46:06.940" level="INFO">Opening url 'https://ckchina.uat-hs.com/'</msg>
<status status="PASS" starttime="20200109 12:46:06.939" endtime="20200109 12:46:10.120"></status>
</kw>
<kw name="Wait Until Page Contains" library="Selenium2Library">
<doc>Waits until ``text`` appears on the current page.</doc>
<arguments>
<arg>临床精钥</arg>
</arguments>
<status status="PASS" starttime="20200109 12:46:10.120" endtime="20200109 12:46:10.145"></status>
</kw>
<status status="PASS" starttime="20200109 12:46:06.939" endtime="20200109 12:46:10.145"></status>
</kw>
<kw name="Login as inst Test-123456" library="Common">
<kw name="Click Link" library="Selenium2Library">
<doc>Clicks a link identified by ``locator``.</doc>
<arguments>
<arg>${loginlink}</arg>
</arguments>
<msg timestamp="20200109 12:46:10.146" level="INFO">Clicking link 'xpath= //*[@id="form1"]/header/div/ul/li[4]/a'.</msg>
<status status="PASS" starttime="20200109 12:46:10.146" endtime="20200109 12:46:12.680"></status>
</kw>
<kw name="Sleep" library="BuiltIn">
<doc>Pauses the test executed for the given time.</doc>
<arguments>
<arg>2s</arg>
</arguments>
<msg timestamp="20200109 12:46:14.683" level="INFO">Slept 2 seconds</msg>
<status status="PASS" starttime="20200109 12:46:12.680" endtime="20200109 12:46:14.683"></status>
</kw>
<kw name="Input Text" library="Selenium2Library">
<doc>Types the given ``text`` into the text field identified by ``locator``.</doc>
<arguments>
<arg>${InputUsername}</arg>
<arg>${username}</arg>
</arguments>
<msg timestamp="20200109 12:46:14.683" level="INFO">Typing text 'testdemo@gmail.com' into text field 'xpath= //*[@id="ctl00_ctl00_BodyPlaceHolder_MainContentsPlaceHolder_txtLoginID"]'.</msg>
<status status="PASS" starttime="20200109 12:46:14.683" endtime="20200109 12:46:14.829"></status>
</kw>
<kw name="Input Text" library="Selenium2Library">
<doc>Types the given ``text`` into the text field identified by ``locator``.</doc>
<arguments>
<arg>${inputPassword}</arg>
<arg>${password}</arg>
</arguments>
<msg timestamp="20200109 12:46:14.829" level="INFO">Typing text '123456' into text field 'xpath= //*[@id="ctl00_ctl00_BodyPlaceHolder_MainContentsPlaceHolder_txtPassword"]'.</msg>
<status status="PASS" starttime="20200109 12:46:14.829" endtime="20200109 12:46:14.936"></status>
</kw>
<kw name="Input Text" library="Selenium2Library">
<doc>Types the given ``text`` into the text field identified by ``locator``.</doc>
<arguments>
<arg>${inputInstCode}</arg>
<arg>${instcode}</arg>
</arguments>
<msg timestamp="20200109 12:46:14.936" level="INFO">Typing text 'Test-123456' into text field 'xpath= //*[@id="ctl00_ctl00_BodyPlaceHolder_MainContentsPlaceHolder_txtInsitution"]'.</msg>
<status status="PASS" starttime="20200109 12:46:14.936" endtime="20200109 12:46:15.045"></status>
</kw>
<kw name="Sleep" library="BuiltIn">
<doc>Pauses the test executed for the given time.</doc>
<arguments>
<arg>2s</arg>
</arguments>
<msg timestamp="20200109 12:46:17.048" level="INFO">Slept 2 seconds</msg>
<status status="PASS" starttime="20200109 12:46:15.045" endtime="20200109 12:46:17.048"></status>
</kw>
<kw name="Click Link" library="Selenium2Library">
<doc>Clicks a link identified by ``locator``.</doc>
<arguments>
<arg>${btnSubmit}</arg>
</arguments>
<msg timestamp="20200109 12:46:17.048" level="INFO">Clicking link 'xpath= //*[@id="ctl00_ctl00_BodyPlaceHolder_MainContentsPlaceHolder_btnLogin2"]'.</msg>
<status status="PASS" starttime="20200109 12:46:17.048" endtime="20200109 12:46:18.361"></status>
</kw>
<status status="PASS" starttime="20200109 12:46:10.145" endtime="20200109 12:46:18.361"></status>
</kw>
<kw name="Sleep" library="BuiltIn">
<doc>Pauses the test executed for the given time.</doc>
<arguments>
<arg>5s</arg>
</arguments>
<msg timestamp="20200109 12:46:23.363" level="INFO">Slept 5 seconds</msg>
<status status="PASS" starttime="20200109 12:46:18.362" endtime="20200109 12:46:23.363"></status>
</kw>
<kw name="Execute Javascript" library="Selenium2Library">
<doc>Executes the given JavaScript code with possible arguments.</doc>
<arguments>
<arg>window.scrollTo(0, document.body.scrollHeight)</arg>
</arguments>
<msg timestamp="20200109 12:46:23.363" level="INFO">Executing JavaScript:
window.scrollTo(0, document.body.scrollHeight)
Without any arguments.</msg>
<status status="PASS" starttime="20200109 12:46:23.363" endtime="20200109 12:46:23.371"></status>
</kw>
<kw name="Sleep" library="BuiltIn">
<doc>Pauses the test executed for the given time.</doc>
<arguments>
<arg>2s</arg>
</arguments>
<msg timestamp="20200109 12:46:25.373" level="INFO">Slept 2 seconds</msg>
<status status="PASS" starttime="20200109 12:46:23.372" endtime="20200109 12:46:25.373"></status>
</kw>
<kw name="Click Link" library="Selenium2Library">
<doc>Clicks a link identified by ``locator``.</doc>
<arguments>
<arg>${contactus}</arg>
</arguments>
<msg timestamp="20200109 12:46:25.374" level="INFO">Clicking link 'xpath= //a[@href="/Contactus.aspx?RetnUrl=2f"]'.</msg>
<status status="PASS" starttime="20200109 12:46:25.373" endtime="20200109 12:46:25.472"></status>
</kw>
<kw name="Sleep" library="BuiltIn">
<doc>Pauses the test executed for the given time.</doc>
<arguments>
<arg>5s</arg>
</arguments>
<msg timestamp="20200109 12:46:30.477" level="INFO">Slept 5 seconds</msg>
<status status="PASS" starttime="20200109 12:46:25.474" endtime="20200109 12:46:30.477"></status>
</kw>
<kw name="Select Window" library="Selenium2Library">
<doc>DEPRECATED in Selenium2Library 4.0. , use `Switch Window` instead.</doc>
<arguments>
<arg>url=https://ckchina.uat-hs.com/Contactus.aspx?RetnUrl=2f</arg>
</arguments>
<status status="PASS" starttime="20200109 12:46:30.477" endtime="20200109 12:46:34.574"></status>
</kw>
<kw name="Wait Until Page Contains" library="Selenium2Library">
<doc>Waits until ``text`` appears on the current page.</doc>
<arguments>
<arg>获取产品讯息和用户指南</arg>
</arguments>
<status status="PASS" starttime="20200109 12:46:34.575" endtime="20200109 12:46:34.587"></status>
</kw>
<doc>Click about us page link 联系我们 in footer section</doc>
<tags>
<tag>footerlink</tag>
</tags>
<status status="PASS" starttime="20200109 12:45:57.566" endtime="20200109 12:46:34.587" critical="yes"></status>
</test>
<status status="PASS" starttime="20200109 12:45:57.239" endtime="20200109 12:46:34.589"></status>
</suite>
<statistics>
<total>
<stat pass="1" fail="0">Critical Tests</stat>
<stat pass="1" fail="0">All Tests</stat>
</total>
<tag>
<stat pass="1" fail="0">footerlink</stat>
</tag>
<suite>
<stat pass="1" fail="0" id="s1" name="Footerlink">Footerlink</stat>
</suite>
</statistics>
<errors>
</errors>
</robot>
